21-Jun-2018 08:16:03.577 INFO [main] org.apache.catalina.startup.VersionLoggerListener.log Server version:        Apache Tomcat/9.0.8
21-Jun-2018 08:16:03.640 INFO [main] org.apache.catalina.startup.VersionLoggerListener.log Server built:          Apr 27 2018 19:32:00 UTC
21-Jun-2018 08:16:03.640 INFO [main] org.apache.catalina.startup.VersionLoggerListener.log Server number:         9.0.8.0
21-Jun-2018 08:16:03.640 INFO [main] org.apache.catalina.startup.VersionLoggerListener.log OS Name:               Windows 8.1
21-Jun-2018 08:16:03.640 INFO [main] org.apache.catalina.startup.VersionLoggerListener.log OS Version:            6.3
21-Jun-2018 08:16:03.655 INFO [main] org.apache.catalina.startup.VersionLoggerListener.log Architecture:          amd64
21-Jun-2018 08:16:03.655 INFO [main] org.apache.catalina.startup.VersionLoggerListener.log Java Home:             C:\Program Files\Java\jdk1.8.0_121\jre
21-Jun-2018 08:16:03.655 INFO [main] org.apache.catalina.startup.VersionLoggerListener.log JVM Version:           1.8.0_121-b13
21-Jun-2018 08:16:03.655 INFO [main] org.apache.catalina.startup.VersionLoggerListener.log JVM Vendor:            Oracle Corporation
21-Jun-2018 08:16:03.655 INFO [main] org.apache.catalina.startup.VersionLoggerListener.log CATALINA_BASE:         D:\DICT\PROJECT\MartinezSeven-i-Help\iHelpApp
21-Jun-2018 08:16:03.655 INFO [main] org.apache.catalina.startup.VersionLoggerListener.log CATALINA_HOME:         D:\DICT\PROJECT\MartinezSeven-i-Help\iHelpApp
21-Jun-2018 08:16:03.655 INFO [main] org.apache.catalina.startup.VersionLoggerListener.log Command line argument: -Djava.util.logging.config.file=D:\DICT\PROJECT\MartinezSeven-i-Help\iHelpApp\conf\logging.properties
21-Jun-2018 08:16:03.655 INFO [main] org.apache.catalina.startup.VersionLoggerListener.log Command line argument: -Djava.util.logging.manager=org.apache.juli.ClassLoaderLogManager
21-Jun-2018 08:16:03.655 INFO [main] org.apache.catalina.startup.VersionLoggerListener.log Command line argument: -Djdk.tls.ephemeralDHKeySize=2048
21-Jun-2018 08:16:03.655 INFO [main] org.apache.catalina.startup.VersionLoggerListener.log Command line argument: -Djava.protocol.handler.pkgs=org.apache.catalina.webresources
21-Jun-2018 08:16:03.655 INFO [main] org.apache.catalina.startup.VersionLoggerListener.log Command line argument: -Dignore.endorsed.dirs=
21-Jun-2018 08:16:03.671 INFO [main] org.apache.catalina.startup.VersionLoggerListener.log Command line argument: -Dcatalina.base=D:\DICT\PROJECT\MartinezSeven-i-Help\iHelpApp
21-Jun-2018 08:16:03.671 INFO [main] org.apache.catalina.startup.VersionLoggerListener.log Command line argument: -Dcatalina.home=D:\DICT\PROJECT\MartinezSeven-i-Help\iHelpApp
21-Jun-2018 08:16:03.671 INFO [main] org.apache.catalina.startup.VersionLoggerListener.log Command line argument: -Djava.io.tmpdir=D:\DICT\PROJECT\MartinezSeven-i-Help\iHelpApp\temp
21-Jun-2018 08:16:03.671 INFO [main] org.apache.catalina.core.AprLifecycleListener.lifecycleEvent The APR based Apache Tomcat Native library which allows optimal performance in production environments was not found on the java.library.path: [C:\Program Files\Java\jdk1.8.0_121\bin;C:\Windows\Sun\Java\bin;C:\Windows\system32;C:\Windows;C:\Program Files (x86)\Intel\TXE Components\TCS\;C:\Program Files\Intel\TXE Components\TCS\;C:\Windows\system32;C:\Windows;C:\Windows\System32\Wbem;C:\Windows\System32\WindowsPowerShell\v1.0\;C:\Program Files (x86)\Skype\Phone\;C:\Windows\system32\config\systemprofile\.dnx\bin;C:\Program Files\Microsoft DNX\Dnvm\;C:\Program Files\Microsoft SQL Server\120\Tools\Binn\;C:\Program Files (x86)\IVI Foundation\VISA\WinNT\Bin;C:\Tasm 1.4\Tasm;C:\Program Files\Java\jdk1.8.0_121\bin\;C:\Program Files\nodejs\;D:\MARTINEZ_SEVEN_DICT_L1_DATABASE_DAY1\sqlite-tools-win32-x86-3230100\;C:\Program Files\Git\cmd;C:\Program Files\Java\jdk1.8.0_121\bin;C:\Users\neo\AppData\Roaming\npm;.]
21-Jun-2018 08:16:06.109 INFO [main] org.apache.coyote.AbstractProtocol.init Initializing ProtocolHandler ["http-nio-8080"]
21-Jun-2018 08:16:06.702 INFO [main] org.apache.tomcat.util.net.NioSelectorPool.getSharedSelector Using a shared selector for servlet write/read
21-Jun-2018 08:16:06.781 INFO [main] org.apache.coyote.AbstractProtocol.init Initializing ProtocolHandler ["ajp-nio-8009"]
21-Jun-2018 08:16:06.781 INFO [main] org.apache.tomcat.util.net.NioSelectorPool.getSharedSelector Using a shared selector for servlet write/read
21-Jun-2018 08:16:06.796 INFO [main] org.apache.catalina.startup.Catalina.load Initialization processed in 4701 ms
21-Jun-2018 08:16:07.109 INFO [main] org.apache.catalina.core.StandardService.startInternal Starting service [Catalina]
21-Jun-2018 08:16:07.109 INFO [main] org.apache.catalina.core.StandardEngine.startInternal Starting Servlet Engine: Apache Tomcat/9.0.8
21-Jun-2018 08:16:07.203 INFO [main] org.apache.catalina.startup.HostConfig.deployDirectory Deploying web application directory [D:\DICT\PROJECT\MartinezSeven-i-Help\iHelpApp\webapps\docs]
21-Jun-2018 08:16:15.093 INFO [main] org.apache.jasper.servlet.TldScanner.scanJars At least one JAR was scanned for TLDs yet contained no TLDs. Enable debug logging for this logger for a complete list of JARs that were scanned but no TLDs were found in them. Skipping unneeded JARs during scanning can improve startup time and JSP compilation time.
21-Jun-2018 08:16:15.437 INFO [main] org.apache.catalina.startup.HostConfig.deployDirectory Deployment of web application directory [D:\DICT\PROJECT\MartinezSeven-i-Help\iHelpApp\webapps\docs] has finished in [8,218] ms
21-Jun-2018 08:16:15.437 INFO [main] org.apache.catalina.startup.HostConfig.deployDirectory Deploying web application directory [D:\DICT\PROJECT\MartinezSeven-i-Help\iHelpApp\webapps\examples]
21-Jun-2018 08:16:19.437 INFO [main] org.apache.jasper.servlet.TldScanner.scanJars At least one JAR was scanned for TLDs yet contained no TLDs. Enable debug logging for this logger for a complete list of JARs that were scanned but no TLDs were found in them. Skipping unneeded JARs during scanning can improve startup time and JSP compilation time.
21-Jun-2018 08:16:19.625 INFO [main] org.apache.catalina.startup.HostConfig.deployDirectory Deployment of web application directory [D:\DICT\PROJECT\MartinezSeven-i-Help\iHelpApp\webapps\examples] has finished in [4,188] ms
21-Jun-2018 08:16:19.625 INFO [main] org.apache.catalina.startup.HostConfig.deployDirectory Deploying web application directory [D:\DICT\PROJECT\MartinezSeven-i-Help\iHelpApp\webapps\host-manager]
21-Jun-2018 08:16:20.672 INFO [main] org.apache.jasper.servlet.TldScanner.scanJars At least one JAR was scanned for TLDs yet contained no TLDs. Enable debug logging for this logger for a complete list of JARs that were scanned but no TLDs were found in them. Skipping unneeded JARs during scanning can improve startup time and JSP compilation time.
21-Jun-2018 08:16:20.703 INFO [main] org.apache.catalina.startup.HostConfig.deployDirectory Deployment of web application directory [D:\DICT\PROJECT\MartinezSeven-i-Help\iHelpApp\webapps\host-manager] has finished in [1,078] ms
21-Jun-2018 08:16:20.703 INFO [main] org.apache.catalina.startup.HostConfig.deployDirectory Deploying web application directory [D:\DICT\PROJECT\MartinezSeven-i-Help\iHelpApp\webapps\ihelpmain]
21-Jun-2018 08:16:21.828 INFO [main] org.apache.jasper.servlet.TldScanner.scanJars At least one JAR was scanned for TLDs yet contained no TLDs. Enable debug logging for this logger for a complete list of JARs that were scanned but no TLDs were found in them. Skipping unneeded JARs during scanning can improve startup time and JSP compilation time.
21-Jun-2018 08:16:21.891 INFO [main] org.apache.catalina.startup.HostConfig.deployDirectory Deployment of web application directory [D:\DICT\PROJECT\MartinezSeven-i-Help\iHelpApp\webapps\ihelpmain] has finished in [1,188] ms
21-Jun-2018 08:16:21.891 INFO [main] org.apache.catalina.startup.HostConfig.deployDirectory Deploying web application directory [D:\DICT\PROJECT\MartinezSeven-i-Help\iHelpApp\webapps\manager]
21-Jun-2018 08:16:22.875 INFO [main] org.apache.jasper.servlet.TldScanner.scanJars At least one JAR was scanned for TLDs yet contained no TLDs. Enable debug logging for this logger for a complete list of JARs that were scanned but no TLDs were found in them. Skipping unneeded JARs during scanning can improve startup time and JSP compilation time.
21-Jun-2018 08:16:22.922 INFO [main] org.apache.catalina.startup.HostConfig.deployDirectory Deployment of web application directory [D:\DICT\PROJECT\MartinezSeven-i-Help\iHelpApp\webapps\manager] has finished in [1,031] ms
21-Jun-2018 08:16:22.922 INFO [main] org.apache.catalina.startup.HostConfig.deployDirectory Deploying web application directory [D:\DICT\PROJECT\MartinezSeven-i-Help\iHelpApp\webapps\ROOT]
21-Jun-2018 08:16:24.313 INFO [main] org.apache.jasper.servlet.TldScanner.scanJars At least one JAR was scanned for TLDs yet contained no TLDs. Enable debug logging for this logger for a complete list of JARs that were scanned but no TLDs were found in them. Skipping unneeded JARs during scanning can improve startup time and JSP compilation time.
21-Jun-2018 08:16:24.328 INFO [main] org.apache.catalina.startup.HostConfig.deployDirectory Deployment of web application directory [D:\DICT\PROJECT\MartinezSeven-i-Help\iHelpApp\webapps\ROOT] has finished in [1,406] ms
21-Jun-2018 08:16:24.344 INFO [main] org.apache.coyote.AbstractProtocol.start Starting ProtocolHandler ["http-nio-8080"]
21-Jun-2018 08:16:24.438 INFO [main] org.apache.coyote.AbstractProtocol.start Starting ProtocolHandler ["ajp-nio-8009"]
21-Jun-2018 08:16:24.453 INFO [main] org.apache.catalina.startup.Catalina.start Server startup in 17655 ms
