16-Jun-2018 14:24:02.350 INFO [main] org.apache.catalina.startup.VersionLoggerListener.log Server version:        Apache Tomcat/9.0.8
16-Jun-2018 14:24:31.992 INFO [main] org.apache.catalina.startup.VersionLoggerListener.log Server built:          Apr 27 2018 19:32:00 UTC
16-Jun-2018 14:24:31.992 INFO [main] org.apache.catalina.startup.VersionLoggerListener.log Server number:         9.0.8.0
16-Jun-2018 14:24:31.992 INFO [main] org.apache.catalina.startup.VersionLoggerListener.log OS Name:               Windows 8.1
16-Jun-2018 14:24:31.992 INFO [main] org.apache.catalina.startup.VersionLoggerListener.log OS Version:            6.3
16-Jun-2018 14:24:31.992 INFO [main] org.apache.catalina.startup.VersionLoggerListener.log Architecture:          amd64
16-Jun-2018 14:24:31.992 INFO [main] org.apache.catalina.startup.VersionLoggerListener.log Java Home:             C:\Program Files\Java\jdk1.8.0_121\jre
16-Jun-2018 14:24:32.007 INFO [main] org.apache.catalina.startup.VersionLoggerListener.log JVM Version:           1.8.0_121-b13
16-Jun-2018 14:24:32.007 INFO [main] org.apache.catalina.startup.VersionLoggerListener.log JVM Vendor:            Oracle Corporation
16-Jun-2018 14:24:32.007 INFO [main] org.apache.catalina.startup.VersionLoggerListener.log CATALINA_BASE:         D:\DICT\DESIGNPATTERN_DAY3\voting-servlet
16-Jun-2018 14:24:32.007 INFO [main] org.apache.catalina.startup.VersionLoggerListener.log CATALINA_HOME:         D:\DICT\DESIGNPATTERN_DAY3\voting-servlet
16-Jun-2018 14:24:32.007 INFO [main] org.apache.catalina.startup.VersionLoggerListener.log Command line argument: -Djava.util.logging.config.file=D:\DICT\DESIGNPATTERN_DAY3\voting-servlet\conf\logging.properties
16-Jun-2018 14:24:32.007 INFO [main] org.apache.catalina.startup.VersionLoggerListener.log Command line argument: -Djava.util.logging.manager=org.apache.juli.ClassLoaderLogManager
16-Jun-2018 14:24:32.007 INFO [main] org.apache.catalina.startup.VersionLoggerListener.log Command line argument: -Djdk.tls.ephemeralDHKeySize=2048
16-Jun-2018 14:24:32.007 INFO [main] org.apache.catalina.startup.VersionLoggerListener.log Command line argument: -Djava.protocol.handler.pkgs=org.apache.catalina.webresources
16-Jun-2018 14:24:32.023 INFO [main] org.apache.catalina.startup.VersionLoggerListener.log Command line argument: -Dignore.endorsed.dirs=
16-Jun-2018 14:24:32.023 INFO [main] org.apache.catalina.startup.VersionLoggerListener.log Command line argument: -Dcatalina.base=D:\DICT\DESIGNPATTERN_DAY3\voting-servlet
16-Jun-2018 14:24:32.023 INFO [main] org.apache.catalina.startup.VersionLoggerListener.log Command line argument: -Dcatalina.home=D:\DICT\DESIGNPATTERN_DAY3\voting-servlet
16-Jun-2018 14:24:32.023 INFO [main] org.apache.catalina.startup.VersionLoggerListener.log Command line argument: -Djava.io.tmpdir=D:\DICT\DESIGNPATTERN_DAY3\voting-servlet\temp
16-Jun-2018 14:24:32.023 INFO [main] org.apache.catalina.core.AprLifecycleListener.lifecycleEvent The APR based Apache Tomcat Native library which allows optimal performance in production environments was not found on the java.library.path: [C:\Program Files\Java\jdk1.8.0_121\bin;C:\Windows\Sun\Java\bin;C:\Windows\system32;C:\Windows;C:\Program Files (x86)\Intel\TXE Components\TCS\;C:\Program Files\Intel\TXE Components\TCS\;C:\Windows\system32;C:\Windows;C:\Windows\System32\Wbem;C:\Windows\System32\WindowsPowerShell\v1.0\;C:\Program Files (x86)\Skype\Phone\;C:\Windows\system32\config\systemprofile\.dnx\bin;C:\Program Files\Microsoft DNX\Dnvm\;C:\Program Files\Microsoft SQL Server\120\Tools\Binn\;C:\Program Files (x86)\IVI Foundation\VISA\WinNT\Bin;C:\Tasm 1.4\Tasm;C:\Program Files\Java\jdk1.8.0_121\bin\;C:\Program Files\nodejs\;D:\MARTINEZ_SEVEN_DICT_L1_DATABASE_DAY1\sqlite-tools-win32-x86-3230100\;C:\Program Files\Git\cmd;C:\Program Files\Java\jdk1.8.0_121\bin;C:\Users\neo\AppData\Roaming\npm;.]
16-Jun-2018 14:24:34.007 INFO [main] org.apache.coyote.AbstractProtocol.init Initializing ProtocolHandler ["http-nio-8080"]
16-Jun-2018 14:24:34.945 INFO [main] org.apache.tomcat.util.net.NioSelectorPool.getSharedSelector Using a shared selector for servlet write/read
16-Jun-2018 14:24:35.179 INFO [main] org.apache.coyote.AbstractProtocol.init Initializing ProtocolHandler ["ajp-nio-8009"]
16-Jun-2018 14:24:35.195 INFO [main] org.apache.tomcat.util.net.NioSelectorPool.getSharedSelector Using a shared selector for servlet write/read
16-Jun-2018 14:24:35.211 INFO [main] org.apache.catalina.startup.Catalina.load Initialization processed in 40836 ms
16-Jun-2018 14:24:36.554 INFO [main] org.apache.catalina.core.StandardService.startInternal Starting service [Catalina]
16-Jun-2018 14:24:36.554 INFO [main] org.apache.catalina.core.StandardEngine.startInternal Starting Servlet Engine: Apache Tomcat/9.0.8
16-Jun-2018 14:24:36.758 INFO [main] org.apache.catalina.startup.HostConfig.deployDirectory Deploying web application directory [D:\DICT\DESIGNPATTERN_DAY3\voting-servlet\webapps\docs]
16-Jun-2018 14:24:43.508 INFO [main] org.apache.jasper.servlet.TldScanner.scanJars At least one JAR was scanned for TLDs yet contained no TLDs. Enable debug logging for this logger for a complete list of JARs that were scanned but no TLDs were found in them. Skipping unneeded JARs during scanning can improve startup time and JSP compilation time.
16-Jun-2018 14:24:44.430 INFO [main] org.apache.catalina.startup.HostConfig.deployDirectory Deployment of web application directory [D:\DICT\DESIGNPATTERN_DAY3\voting-servlet\webapps\docs] has finished in [7,656] ms
16-Jun-2018 14:24:44.445 INFO [main] org.apache.catalina.startup.HostConfig.deployDirectory Deploying web application directory [D:\DICT\DESIGNPATTERN_DAY3\voting-servlet\webapps\examples]
16-Jun-2018 14:24:48.727 INFO [main] org.apache.jasper.servlet.TldScanner.scanJars At least one JAR was scanned for TLDs yet contained no TLDs. Enable debug logging for this logger for a complete list of JARs that were scanned but no TLDs were found in them. Skipping unneeded JARs during scanning can improve startup time and JSP compilation time.
16-Jun-2018 14:24:48.914 INFO [main] org.apache.catalina.startup.HostConfig.deployDirectory Deployment of web application directory [D:\DICT\DESIGNPATTERN_DAY3\voting-servlet\webapps\examples] has finished in [4,469] ms
16-Jun-2018 14:24:48.914 INFO [main] org.apache.catalina.startup.HostConfig.deployDirectory Deploying web application directory [D:\DICT\DESIGNPATTERN_DAY3\voting-servlet\webapps\host-manager]
16-Jun-2018 14:24:50.180 INFO [main] org.apache.jasper.servlet.TldScanner.scanJars At least one JAR was scanned for TLDs yet contained no TLDs. Enable debug logging for this logger for a complete list of JARs that were scanned but no TLDs were found in them. Skipping unneeded JARs during scanning can improve startup time and JSP compilation time.
16-Jun-2018 14:24:50.211 INFO [main] org.apache.catalina.startup.HostConfig.deployDirectory Deployment of web application directory [D:\DICT\DESIGNPATTERN_DAY3\voting-servlet\webapps\host-manager] has finished in [1,297] ms
16-Jun-2018 14:24:50.211 INFO [main] org.apache.catalina.startup.HostConfig.deployDirectory Deploying web application directory [D:\DICT\DESIGNPATTERN_DAY3\voting-servlet\webapps\manager]
16-Jun-2018 14:24:51.430 INFO [main] org.apache.jasper.servlet.TldScanner.scanJars At least one JAR was scanned for TLDs yet contained no TLDs. Enable debug logging for this logger for a complete list of JARs that were scanned but no TLDs were found in them. Skipping unneeded JARs during scanning can improve startup time and JSP compilation time.
16-Jun-2018 14:24:51.446 INFO [main] org.apache.catalina.startup.HostConfig.deployDirectory Deployment of web application directory [D:\DICT\DESIGNPATTERN_DAY3\voting-servlet\webapps\manager] has finished in [1,235] ms
16-Jun-2018 14:24:51.446 INFO [main] org.apache.catalina.startup.HostConfig.deployDirectory Deploying web application directory [D:\DICT\DESIGNPATTERN_DAY3\voting-servlet\webapps\ROOT]
16-Jun-2018 14:24:53.102 INFO [main] org.apache.jasper.servlet.TldScanner.scanJars At least one JAR was scanned for TLDs yet contained no TLDs. Enable debug logging for this logger for a complete list of JARs that were scanned but no TLDs were found in them. Skipping unneeded JARs during scanning can improve startup time and JSP compilation time.
16-Jun-2018 14:24:53.118 INFO [main] org.apache.catalina.startup.HostConfig.deployDirectory Deployment of web application directory [D:\DICT\DESIGNPATTERN_DAY3\voting-servlet\webapps\ROOT] has finished in [1,672] ms
16-Jun-2018 14:24:53.118 INFO [main] org.apache.catalina.startup.HostConfig.deployDirectory Deploying web application directory [D:\DICT\DESIGNPATTERN_DAY3\voting-servlet\webapps\voting]
16-Jun-2018 14:24:57.352 INFO [main] org.apache.jasper.servlet.TldScanner.scanJars At least one JAR was scanned for TLDs yet contained no TLDs. Enable debug logging for this logger for a complete list of JARs that were scanned but no TLDs were found in them. Skipping unneeded JARs during scanning can improve startup time and JSP compilation time.
16-Jun-2018 14:24:58.337 INFO [main] org.apache.catalina.startup.HostConfig.deployDirectory Deployment of web application directory [D:\DICT\DESIGNPATTERN_DAY3\voting-servlet\webapps\voting] has finished in [5,203] ms
16-Jun-2018 14:24:58.352 INFO [main] org.apache.coyote.AbstractProtocol.start Starting ProtocolHandler ["http-nio-8080"]
16-Jun-2018 14:24:59.430 INFO [main] org.apache.coyote.AbstractProtocol.start Starting ProtocolHandler ["ajp-nio-8009"]
16-Jun-2018 14:24:59.446 INFO [main] org.apache.catalina.startup.Catalina.start Server startup in 24245 ms
16-Jun-2018 17:04:08.913 INFO [Thread-5] org.apache.coyote.AbstractProtocol.pause Pausing ProtocolHandler ["http-nio-8080"]
16-Jun-2018 17:04:09.725 INFO [Thread-5] org.apache.coyote.AbstractProtocol.pause Pausing ProtocolHandler ["ajp-nio-8009"]
16-Jun-2018 17:04:32.586 INFO [Thread-5] org.apache.catalina.core.StandardService.stopInternal Stopping service [Catalina]
16-Jun-2018 17:04:34.242 INFO [Thread-5] org.apache.coyote.AbstractProtocol.stop Stopping ProtocolHandler ["http-nio-8080"]
16-Jun-2018 17:04:34.383 INFO [Thread-5] org.apache.coyote.AbstractProtocol.stop Stopping ProtocolHandler ["ajp-nio-8009"]
16-Jun-2018 17:04:34.602 INFO [Thread-5] org.apache.coyote.AbstractProtocol.destroy Destroying ProtocolHandler ["http-nio-8080"]
16-Jun-2018 17:04:34.664 INFO [Thread-5] org.apache.coyote.AbstractProtocol.destroy Destroying ProtocolHandler ["ajp-nio-8009"]
