12-Jun-2018 22:48:30.164 INFO [main] org.apache.catalina.startup.VersionLoggerListener.log Server version:        Apache Tomcat/9.0.8
12-Jun-2018 22:48:30.195 INFO [main] org.apache.catalina.startup.VersionLoggerListener.log Server built:          Apr 27 2018 19:32:00 UTC
12-Jun-2018 22:48:30.195 INFO [main] org.apache.catalina.startup.VersionLoggerListener.log Server number:         9.0.8.0
12-Jun-2018 22:48:30.195 INFO [main] org.apache.catalina.startup.VersionLoggerListener.log OS Name:               Windows 8.1
12-Jun-2018 22:48:30.195 INFO [main] org.apache.catalina.startup.VersionLoggerListener.log OS Version:            6.3
12-Jun-2018 22:48:30.195 INFO [main] org.apache.catalina.startup.VersionLoggerListener.log Architecture:          amd64
12-Jun-2018 22:48:30.210 INFO [main] org.apache.catalina.startup.VersionLoggerListener.log Java Home:             C:\Program Files\Java\jdk1.8.0_121\jre
12-Jun-2018 22:48:30.210 INFO [main] org.apache.catalina.startup.VersionLoggerListener.log JVM Version:           1.8.0_121-b13
12-Jun-2018 22:48:30.210 INFO [main] org.apache.catalina.startup.VersionLoggerListener.log JVM Vendor:            Oracle Corporation
12-Jun-2018 22:48:30.210 INFO [main] org.apache.catalina.startup.VersionLoggerListener.log CATALINA_BASE:         D:\MARTINEZ_SEVEN_DICT_L1_DATABASE_DAY8\appdev-servlet
12-Jun-2018 22:48:30.210 INFO [main] org.apache.catalina.startup.VersionLoggerListener.log CATALINA_HOME:         D:\MARTINEZ_SEVEN_DICT_L1_DATABASE_DAY8\appdev-servlet
12-Jun-2018 22:48:30.210 INFO [main] org.apache.catalina.startup.VersionLoggerListener.log Command line argument: -Djava.util.logging.config.file=D:\MARTINEZ_SEVEN_DICT_L1_DATABASE_DAY8\appdev-servlet\conf\logging.properties
12-Jun-2018 22:48:30.226 INFO [main] org.apache.catalina.startup.VersionLoggerListener.log Command line argument: -Djava.util.logging.manager=org.apache.juli.ClassLoaderLogManager
12-Jun-2018 22:48:30.226 INFO [main] org.apache.catalina.startup.VersionLoggerListener.log Command line argument: -Djdk.tls.ephemeralDHKeySize=2048
12-Jun-2018 22:48:30.226 INFO [main] org.apache.catalina.startup.VersionLoggerListener.log Command line argument: -Djava.protocol.handler.pkgs=org.apache.catalina.webresources
12-Jun-2018 22:48:30.226 INFO [main] org.apache.catalina.startup.VersionLoggerListener.log Command line argument: -Dignore.endorsed.dirs=
12-Jun-2018 22:48:30.226 INFO [main] org.apache.catalina.startup.VersionLoggerListener.log Command line argument: -Dcatalina.base=D:\MARTINEZ_SEVEN_DICT_L1_DATABASE_DAY8\appdev-servlet
12-Jun-2018 22:48:30.226 INFO [main] org.apache.catalina.startup.VersionLoggerListener.log Command line argument: -Dcatalina.home=D:\MARTINEZ_SEVEN_DICT_L1_DATABASE_DAY8\appdev-servlet
12-Jun-2018 22:48:30.226 INFO [main] org.apache.catalina.startup.VersionLoggerListener.log Command line argument: -Djava.io.tmpdir=D:\MARTINEZ_SEVEN_DICT_L1_DATABASE_DAY8\appdev-servlet\temp
12-Jun-2018 22:48:30.242 INFO [main] org.apache.catalina.core.AprLifecycleListener.lifecycleEvent The APR based Apache Tomcat Native library which allows optimal performance in production environments was not found on the java.library.path: [C:\Program Files\Java\jdk1.8.0_121\bin;C:\Windows\Sun\Java\bin;C:\Windows\system32;C:\Windows;C:\ProgramData\Oracle\Java\javapath;C:\Program Files (x86)\Intel\TXE Components\TCS\;C:\Program Files\Intel\TXE Components\TCS\;C:\Windows\system32;C:\Windows;C:\Windows\System32\Wbem;C:\Windows\System32\WindowsPowerShell\v1.0\;C:\Program Files (x86)\Skype\Phone\;C:\Windows\system32\config\systemprofile\.dnx\bin;C:\Program Files\Microsoft DNX\Dnvm\;C:\Program Files\Microsoft SQL Server\120\Tools\Binn\;C:\Program Files (x86)\IVI Foundation\VISA\WinNT\Bin;C:\Tasm 1.4\Tasm;C:\Program Files\Java\jdk1.8.0_121\bin\;C:\Program Files\nodejs\;D:\MARTINEZ_SEVEN_DICT_L1_DATABASE_DAY1\sqlite-tools-win32-x86-3230100\;C:\Program Files\Java\jdk1.8.0_121\bin;C:\Users\neo\AppData\Roaming\npm;.]
12-Jun-2018 22:48:30.961 INFO [main] org.apache.coyote.AbstractProtocol.init Initializing ProtocolHandler ["http-nio-8080"]
12-Jun-2018 22:48:31.211 INFO [main] org.apache.tomcat.util.net.NioSelectorPool.getSharedSelector Using a shared selector for servlet write/read
12-Jun-2018 22:48:31.382 INFO [main] org.apache.coyote.AbstractProtocol.init Initializing ProtocolHandler ["ajp-nio-8009"]
12-Jun-2018 22:48:31.398 INFO [main] org.apache.tomcat.util.net.NioSelectorPool.getSharedSelector Using a shared selector for servlet write/read
12-Jun-2018 22:48:31.398 INFO [main] org.apache.catalina.startup.Catalina.load Initialization processed in 3673 ms
12-Jun-2018 22:48:31.679 INFO [main] org.apache.catalina.core.StandardService.startInternal Starting service [Catalina]
12-Jun-2018 22:48:31.679 INFO [main] org.apache.catalina.core.StandardEngine.startInternal Starting Servlet Engine: Apache Tomcat/9.0.8
12-Jun-2018 22:48:31.757 INFO [main] org.apache.catalina.startup.HostConfig.deployDirectory Deploying web application directory [D:\MARTINEZ_SEVEN_DICT_L1_DATABASE_DAY8\appdev-servlet\webapps\assetapp]
12-Jun-2018 22:48:36.648 INFO [main] org.apache.jasper.servlet.TldScanner.scanJars At least one JAR was scanned for TLDs yet contained no TLDs. Enable debug logging for this logger for a complete list of JARs that were scanned but no TLDs were found in them. Skipping unneeded JARs during scanning can improve startup time and JSP compilation time.
12-Jun-2018 22:48:36.977 INFO [main] org.apache.catalina.startup.HostConfig.deployDirectory Deployment of web application directory [D:\MARTINEZ_SEVEN_DICT_L1_DATABASE_DAY8\appdev-servlet\webapps\assetapp] has finished in [5,220] ms
12-Jun-2018 22:48:36.977 INFO [main] org.apache.catalina.startup.HostConfig.deployDirectory Deploying web application directory [D:\MARTINEZ_SEVEN_DICT_L1_DATABASE_DAY8\appdev-servlet\webapps\docs]
12-Jun-2018 22:48:37.961 INFO [main] org.apache.jasper.servlet.TldScanner.scanJars At least one JAR was scanned for TLDs yet contained no TLDs. Enable debug logging for this logger for a complete list of JARs that were scanned but no TLDs were found in them. Skipping unneeded JARs during scanning can improve startup time and JSP compilation time.
12-Jun-2018 22:48:37.977 INFO [main] org.apache.catalina.startup.HostConfig.deployDirectory Deployment of web application directory [D:\MARTINEZ_SEVEN_DICT_L1_DATABASE_DAY8\appdev-servlet\webapps\docs] has finished in [1,000] ms
12-Jun-2018 22:48:37.977 INFO [main] org.apache.catalina.startup.HostConfig.deployDirectory Deploying web application directory [D:\MARTINEZ_SEVEN_DICT_L1_DATABASE_DAY8\appdev-servlet\webapps\examples]
12-Jun-2018 22:48:44.415 INFO [main] org.apache.jasper.servlet.TldScanner.scanJars At least one JAR was scanned for TLDs yet contained no TLDs. Enable debug logging for this logger for a complete list of JARs that were scanned but no TLDs were found in them. Skipping unneeded JARs during scanning can improve startup time and JSP compilation time.
12-Jun-2018 22:48:44.571 INFO [main] org.apache.catalina.startup.HostConfig.deployDirectory Deployment of web application directory [D:\MARTINEZ_SEVEN_DICT_L1_DATABASE_DAY8\appdev-servlet\webapps\examples] has finished in [6,594] ms
12-Jun-2018 22:48:44.586 INFO [main] org.apache.catalina.startup.HostConfig.deployDirectory Deploying web application directory [D:\MARTINEZ_SEVEN_DICT_L1_DATABASE_DAY8\appdev-servlet\webapps\host-manager]
12-Jun-2018 22:48:46.462 INFO [main] org.apache.jasper.servlet.TldScanner.scanJars At least one JAR was scanned for TLDs yet contained no TLDs. Enable debug logging for this logger for a complete list of JARs that were scanned but no TLDs were found in them. Skipping unneeded JARs during scanning can improve startup time and JSP compilation time.
12-Jun-2018 22:48:46.493 INFO [main] org.apache.catalina.startup.HostConfig.deployDirectory Deployment of web application directory [D:\MARTINEZ_SEVEN_DICT_L1_DATABASE_DAY8\appdev-servlet\webapps\host-manager] has finished in [1,907] ms
12-Jun-2018 22:48:46.524 INFO [main] org.apache.catalina.startup.HostConfig.deployDirectory Deploying web application directory [D:\MARTINEZ_SEVEN_DICT_L1_DATABASE_DAY8\appdev-servlet\webapps\manager]
12-Jun-2018 22:48:48.118 INFO [main] org.apache.jasper.servlet.TldScanner.scanJars At least one JAR was scanned for TLDs yet contained no TLDs. Enable debug logging for this logger for a complete list of JARs that were scanned but no TLDs were found in them. Skipping unneeded JARs during scanning can improve startup time and JSP compilation time.
12-Jun-2018 22:48:48.165 INFO [main] org.apache.catalina.startup.HostConfig.deployDirectory Deployment of web application directory [D:\MARTINEZ_SEVEN_DICT_L1_DATABASE_DAY8\appdev-servlet\webapps\manager] has finished in [1,641] ms
12-Jun-2018 22:48:48.212 INFO [main] org.apache.catalina.startup.HostConfig.deployDirectory Deploying web application directory [D:\MARTINEZ_SEVEN_DICT_L1_DATABASE_DAY8\appdev-servlet\webapps\ROOT]
12-Jun-2018 22:48:49.259 INFO [main] org.apache.jasper.servlet.TldScanner.scanJars At least one JAR was scanned for TLDs yet contained no TLDs. Enable debug logging for this logger for a complete list of JARs that were scanned but no TLDs were found in them. Skipping unneeded JARs during scanning can improve startup time and JSP compilation time.
12-Jun-2018 22:48:49.274 INFO [main] org.apache.catalina.startup.HostConfig.deployDirectory Deployment of web application directory [D:\MARTINEZ_SEVEN_DICT_L1_DATABASE_DAY8\appdev-servlet\webapps\ROOT] has finished in [1,062] ms
12-Jun-2018 22:48:49.290 INFO [main] org.apache.coyote.AbstractProtocol.start Starting ProtocolHandler ["http-nio-8080"]
12-Jun-2018 22:48:50.259 INFO [main] org.apache.coyote.AbstractProtocol.start Starting ProtocolHandler ["ajp-nio-8009"]
12-Jun-2018 22:48:54.009 INFO [main] org.apache.catalina.startup.Catalina.start Server startup in 22617 ms
12-Jun-2018 23:56:05.952 INFO [Thread-5] org.apache.coyote.AbstractProtocol.pause Pausing ProtocolHandler ["http-nio-8080"]
12-Jun-2018 23:56:08.359 INFO [Thread-5] org.apache.coyote.AbstractProtocol.pause Pausing ProtocolHandler ["ajp-nio-8009"]
12-Jun-2018 23:56:08.734 INFO [Thread-5] org.apache.catalina.core.StandardService.stopInternal Stopping service [Catalina]
12-Jun-2018 23:56:17.344 INFO [Thread-5] org.apache.coyote.AbstractProtocol.stop Stopping ProtocolHandler ["http-nio-8080"]
12-Jun-2018 23:56:17.609 INFO [Thread-5] org.apache.coyote.AbstractProtocol.stop Stopping ProtocolHandler ["ajp-nio-8009"]
12-Jun-2018 23:56:17.953 INFO [Thread-5] org.apache.coyote.AbstractProtocol.destroy Destroying ProtocolHandler ["http-nio-8080"]
12-Jun-2018 23:56:18.047 INFO [Thread-5] org.apache.coyote.AbstractProtocol.destroy Destroying ProtocolHandler ["ajp-nio-8009"]
